<?xml version="1.0" encoding="UTF-8"?>
<!-- Generated by org.testng.reporters.JUnitReportReporter -->
<testsuite skipped="0" hostname="Fadimes-MacBook-Pro.local" name="Tests.DesignMaticMainPage1Test" tests="2" failures="0" timestamp="21 Nov 2019 05:22:50 GMT" time="18.053" errors="0">
  <testcase name="getTitle" time="8.969" classname="Tests.DesignMaticMainPage1Test"/>
  <testcase name="clickLoginButton" time="9.084" classname="Tests.DesignMaticMainPage1Test"/>
</testsuite> <!-- Tests.DesignMaticMainPage1Test -->
