<?xml version="1.0" encoding="UTF-8"?>
<!-- Generated by org.testng.reporters.JUnitReportReporter -->
<testsuite skipped="0" hostname="Zeyneps-Air.fios-router.home" name="Tests.LogoDesignPageTest" tests="2" failures="0" timestamp="13 Nov 2019 00:40:12 GMT" time="23.455" errors="0">
  <testcase name="getLogoDesignPageTitle" time="11.577" classname="Tests.LogoDesignPageTest"/>
  <testcase name="clickLogoDesign" time="11.878" classname="Tests.LogoDesignPageTest"/>
</testsuite> <!-- Tests.LogoDesignPageTest -->
