<?xml version="1.0" encoding="UTF-8"?>
<!-- Generated by org.testng.reporters.JUnitReportReporter -->
<testsuite skipped="0" hostname="Zeyneps-Air.fios-router.home" name="Tests.DesignmaticLoginPageTest" tests="2" failures="0" timestamp="13 Nov 2019 00:23:32 GMT" time="19.655" errors="0">
  <testcase name="getLoginPageTitle" time="8.087" classname="Tests.DesignmaticLoginPageTest"/>
  <testcase name="loginPage" time="11.568" classname="Tests.DesignmaticLoginPageTest"/>
</testsuite> <!-- Tests.DesignmaticLoginPageTest -->
