<?xml version="1.0" encoding="UTF-8"?>
<!-- Generated by org.testng.reporters.JUnitReportReporter -->
<testsuite skipped="0" hostname="Aozgur-Air.lan" name="Tests.DesignMaticMainPageTest" tests="2" failures="0" timestamp="17 Nov 2019 04:07:39 GMT" time="23.401" errors="0">
  <testcase name="clickLoginButton" time="11.539" classname="Tests.DesignMaticMainPageTest"/>
  <testcase name="getTitle" time="11.862" classname="Tests.DesignMaticMainPageTest"/>
</testsuite> <!-- Tests.DesignMaticMainPageTest -->
