<?xml version="1.0" encoding="UTF-8"?>
<!-- Generated by org.testng.reporters.JUnitReportReporter -->
<testsuite skipped="0" hostname="Zeyneps-Air.fios-router.home" name="Tests.DesignmaticMainPageTest$SmartphonePageTesting" tests="2" failures="0" timestamp="12 Nov 2019 23:18:39 GMT" time="17.021" errors="0">
  <testcase name="getTitle" time="8.584" classname="Tests.DesignmaticMainPageTest$SmartphonePageTesting"/>
  <testcase name="clickLoginButton" time="8.437" classname="Tests.DesignmaticMainPageTest$SmartphonePageTesting"/>
</testsuite> <!-- Tests.DesignmaticMainPageTest$SmartphonePageTesting -->
